000 (059.000.000) 2023-06-05 09:18:39 Job submitted from host: <127.0.0.1:9618?addrs=127.0.0.1-9618&alias=cumulus&noUDP&sock=schedd_2110_dceb>
...
001 (059.000.000) 2023-06-05 09:18:47 Job executing on host: <127.0.0.1:9618?addrs=127.0.0.1-9618&alias=cumulus&noUDP&sock=startd_2110_dceb>
...
006 (059.000.000) 2023-06-05 09:18:52 Image size of job updated: 143972
	141  -  MemoryUsage of job (MB)
	143972  -  ResidentSetSize of job (KB)
...
006 (059.000.000) 2023-06-05 09:18:57 Image size of job updated: 146324
	143  -  MemoryUsage of job (MB)
	146324  -  ResidentSetSize of job (KB)
...
006 (059.000.000) 2023-06-05 09:19:02 Image size of job updated: 146324
	144  -  MemoryUsage of job (MB)
	146440  -  ResidentSetSize of job (KB)
...
006 (059.000.000) 2023-06-05 09:19:07 Image size of job updated: 162020
	159  -  MemoryUsage of job (MB)
	162020  -  ResidentSetSize of job (KB)
...
006 (059.000.000) 2023-06-05 09:19:17 Image size of job updated: 162240
	159  -  MemoryUsage of job (MB)
	162240  -  ResidentSetSize of job (KB)
...
006 (059.000.000) 2023-06-05 09:19:22 Image size of job updated: 176960
	173  -  MemoryUsage of job (MB)
	176960  -  ResidentSetSize of job (KB)
...
006 (059.000.000) 2023-06-05 09:19:27 Image size of job updated: 178060
	174  -  MemoryUsage of job (MB)
	178060  -  ResidentSetSize of job (KB)
...
006 (059.000.000) 2023-06-05 09:19:32 Image size of job updated: 178420
	175  -  MemoryUsage of job (MB)
	178420  -  ResidentSetSize of job (KB)
...
006 (059.000.000) 2023-06-05 09:19:37 Image size of job updated: 178420
	175  -  MemoryUsage of job (MB)
	178548  -  ResidentSetSize of job (KB)
...
006 (059.000.000) 2023-06-05 09:19:42 Image size of job updated: 190700
	187  -  MemoryUsage of job (MB)
	190700  -  ResidentSetSize of job (KB)
...
006 (059.000.000) 2023-06-05 09:19:47 Image size of job updated: 192144
	188  -  MemoryUsage of job (MB)
	192144  -  ResidentSetSize of job (KB)
...
006 (059.000.000) 2023-06-05 09:19:57 Image size of job updated: 203256
	199  -  MemoryUsage of job (MB)
	203256  -  ResidentSetSize of job (KB)
...
006 (059.000.000) 2023-06-05 09:20:02 Image size of job updated: 205452
	201  -  MemoryUsage of job (MB)
	205452  -  ResidentSetSize of job (KB)
...
006 (059.000.000) 2023-06-05 09:20:07 Image size of job updated: 205760
	201  -  MemoryUsage of job (MB)
	205760  -  ResidentSetSize of job (KB)
...
006 (059.000.000) 2023-06-05 09:20:12 Image size of job updated: 208744
	204  -  MemoryUsage of job (MB)
	208744  -  ResidentSetSize of job (KB)
...
006 (059.000.000) 2023-06-05 09:20:17 Image size of job updated: 216740
	212  -  MemoryUsage of job (MB)
	216740  -  ResidentSetSize of job (KB)
...
006 (059.000.000) 2023-06-05 09:20:22 Image size of job updated: 219320
	215  -  MemoryUsage of job (MB)
	219320  -  ResidentSetSize of job (KB)
...
006 (059.000.000) 2023-06-05 09:20:27 Image size of job updated: 220704
	216  -  MemoryUsage of job (MB)
	220704  -  ResidentSetSize of job (KB)
...
006 (059.000.000) 2023-06-05 09:20:32 Image size of job updated: 229536
	225  -  MemoryUsage of job (MB)
	229536  -  ResidentSetSize of job (KB)
...
006 (059.000.000) 2023-06-05 09:20:37 Image size of job updated: 233264
	228  -  MemoryUsage of job (MB)
	233264  -  ResidentSetSize of job (KB)
...
006 (059.000.000) 2023-06-05 09:20:42 Image size of job updated: 233500
	229  -  MemoryUsage of job (MB)
	233500  -  ResidentSetSize of job (KB)
...
006 (059.000.000) 2023-06-05 09:20:47 Image size of job updated: 243484
	238  -  MemoryUsage of job (MB)
	243484  -  ResidentSetSize of job (KB)
...
006 (059.000.000) 2023-06-05 09:20:52 Image size of job updated: 246232
	241  -  MemoryUsage of job (MB)
	246232  -  ResidentSetSize of job (KB)
...
006 (059.000.000) 2023-06-05 09:21:02 Image size of job updated: 246232
	241  -  MemoryUsage of job (MB)
	246708  -  ResidentSetSize of job (KB)
...
006 (059.000.000) 2023-06-05 09:21:07 Image size of job updated: 259880
	254  -  MemoryUsage of job (MB)
	259880  -  ResidentSetSize of job (KB)
...
006 (059.000.000) 2023-06-05 09:21:12 Image size of job updated: 260620
	255  -  MemoryUsage of job (MB)
	260620  -  ResidentSetSize of job (KB)
...
006 (059.000.000) 2023-06-05 09:21:17 Image size of job updated: 260876
	255  -  MemoryUsage of job (MB)
	260876  -  ResidentSetSize of job (KB)
...
006 (059.000.000) 2023-06-05 09:21:22 Image size of job updated: 273648
	268  -  MemoryUsage of job (MB)
	273648  -  ResidentSetSize of job (KB)
...
006 (059.000.000) 2023-06-05 09:21:32 Image size of job updated: 275148
	269  -  MemoryUsage of job (MB)
	275148  -  ResidentSetSize of job (KB)
...
006 (059.000.000) 2023-06-05 09:21:37 Image size of job updated: 284240
	278  -  MemoryUsage of job (MB)
	284240  -  ResidentSetSize of job (KB)
...
006 (059.000.000) 2023-06-05 09:21:42 Image size of job updated: 286484
	280  -  MemoryUsage of job (MB)
	286484  -  ResidentSetSize of job (KB)
...
006 (059.000.000) 2023-06-05 09:21:47 Image size of job updated: 286484
	280  -  MemoryUsage of job (MB)
	286524  -  ResidentSetSize of job (KB)
...
006 (059.000.000) 2023-06-05 09:21:52 Image size of job updated: 294216
	288  -  MemoryUsage of job (MB)
	294216  -  ResidentSetSize of job (KB)
...
006 (059.000.000) 2023-06-05 09:21:57 Image size of job updated: 309928
	303  -  MemoryUsage of job (MB)
	309928  -  ResidentSetSize of job (KB)
...
006 (059.000.000) 2023-06-05 09:22:07 Image size of job updated: 310856
	304  -  MemoryUsage of job (MB)
	310856  -  ResidentSetSize of job (KB)
...
006 (059.000.000) 2023-06-05 09:22:12 Image size of job updated: 322576
	316  -  MemoryUsage of job (MB)
	322576  -  ResidentSetSize of job (KB)
...
006 (059.000.000) 2023-06-05 09:22:13 Image size of job updated: 322576
	316  -  MemoryUsage of job (MB)
	323080  -  ResidentSetSize of job (KB)
...
005 (059.000.000) 2023-06-05 09:22:13 Job terminated.
	(1) Normal termination (return value 0)
		Usr 0 01:18:22, Sys 0 00:03:59  -  Run Remote Usage
		Usr 0 00:00:00, Sys 0 00:00:00  -  Run Local Usage
		Usr 0 01:18:22, Sys 0 00:03:59  -  Total Remote Usage
		Usr 0 00:00:00, Sys 0 00:00:00  -  Total Local Usage
	0  -  Run Bytes Sent By Job
	0  -  Run Bytes Received By Job
	0  -  Total Bytes Sent By Job
	0  -  Total Bytes Received By Job
	Partitionable Resources :    Usage  Request Allocated Assigned
	   Cpus                 :    22.93       16        64 
	   Disk (KB)            :     1           1  17319524 
	   Gpus (Average)       :     0.06        1         2 "GPU-eb139fbd,GPU-1b22a692"
	   GpusMemory (MB)      :   276                       
	   Memory (MB)          :   316           1    257805 

	Job terminated of its own accord at 2023-06-05T13:22:13Z with exit-code 0.
...
000 (060.000.000) 2023-06-05 09:23:18 Job submitted from host: <127.0.0.1:9618?addrs=127.0.0.1-9618&alias=cumulus&noUDP&sock=schedd_2110_dceb>
...
000 (061.000.000) 2023-06-05 09:23:19 Job submitted from host: <127.0.0.1:9618?addrs=127.0.0.1-9618&alias=cumulus&noUDP&sock=schedd_2110_dceb>
...
000 (062.000.000) 2023-06-05 09:23:19 Job submitted from host: <127.0.0.1:9618?addrs=127.0.0.1-9618&alias=cumulus&noUDP&sock=schedd_2110_dceb>
...
000 (063.000.000) 2023-06-05 09:23:20 Job submitted from host: <127.0.0.1:9618?addrs=127.0.0.1-9618&alias=cumulus&noUDP&sock=schedd_2110_dceb>
...
000 (064.000.000) 2023-06-05 09:23:21 Job submitted from host: <127.0.0.1:9618?addrs=127.0.0.1-9618&alias=cumulus&noUDP&sock=schedd_2110_dceb>
...
001 (060.000.000) 2023-06-05 09:23:22 Job executing on host: <127.0.0.1:9618?addrs=127.0.0.1-9618&alias=cumulus&noUDP&sock=startd_2110_dceb>
...
006 (060.000.000) 2023-06-05 09:23:22 Image size of job updated: 104
	1  -  MemoryUsage of job (MB)
	104  -  ResidentSetSize of job (KB)
...
005 (060.000.000) 2023-06-05 09:23:22 Job terminated.
	(1) Normal termination (return value 1)
		Usr 0 00:00:00, Sys 0 00:00:00  -  Run Remote Usage
		Usr 0 00:00:00, Sys 0 00:00:00  -  Run Local Usage
		Usr 0 00:00:00, Sys 0 00:00:00  -  Total Remote Usage
		Usr 0 00:00:00, Sys 0 00:00:00  -  Total Local Usage
	0  -  Run Bytes Sent By Job
	0  -  Run Bytes Received By Job
	0  -  Total Bytes Sent By Job
	0  -  Total Bytes Received By Job
	Partitionable Resources :    Usage  Request Allocated Assigned
	   Cpus                 :                16        64 
	   Disk (KB)            :        1        1  17319524 
	   Gpus (Average)       :                 1         2 "GPU-eb139fbd,GPU-1b22a692"
	   Memory (MB)          :        1        1    257805 

	Job terminated of its own accord at 2023-06-05T13:23:22Z with exit-code 1.
...
001 (061.000.000) 2023-06-05 09:23:23 Job executing on host: <127.0.0.1:9618?addrs=127.0.0.1-9618&alias=cumulus&noUDP&sock=startd_2110_dceb>
...
006 (061.000.000) 2023-06-05 09:23:23 Image size of job updated: 232
	1  -  MemoryUsage of job (MB)
	232  -  ResidentSetSize of job (KB)
...
005 (061.000.000) 2023-06-05 09:23:23 Job terminated.
	(1) Normal termination (return value 1)
		Usr 0 00:00:00, Sys 0 00:00:00  -  Run Remote Usage
		Usr 0 00:00:00, Sys 0 00:00:00  -  Run Local Usage
		Usr 0 00:00:00, Sys 0 00:00:00  -  Total Remote Usage
		Usr 0 00:00:00, Sys 0 00:00:00  -  Total Local Usage
	0  -  Run Bytes Sent By Job
	0  -  Run Bytes Received By Job
	0  -  Total Bytes Sent By Job
	0  -  Total Bytes Received By Job
	Partitionable Resources :    Usage  Request Allocated Assigned
	   Cpus                 :                16        64 
	   Disk (KB)            :        1        1  17319524 
	   Gpus (Average)       :                 1         2 "GPU-eb139fbd,GPU-1b22a692"
	   Memory (MB)          :        1        1    257805 

	Job terminated of its own accord at 2023-06-05T13:23:23Z with exit-code 1.
...
001 (062.000.000) 2023-06-05 09:23:23 Job executing on host: <127.0.0.1:9618?addrs=127.0.0.1-9618&alias=cumulus&noUDP&sock=startd_2110_dceb>
...
006 (062.000.000) 2023-06-05 09:23:23 Image size of job updated: 228
	1  -  MemoryUsage of job (MB)
	228  -  ResidentSetSize of job (KB)
...
005 (062.000.000) 2023-06-05 09:23:23 Job terminated.
	(1) Normal termination (return value 1)
		Usr 0 00:00:00, Sys 0 00:00:00  -  Run Remote Usage
		Usr 0 00:00:00, Sys 0 00:00:00  -  Run Local Usage
		Usr 0 00:00:00, Sys 0 00:00:00  -  Total Remote Usage
		Usr 0 00:00:00, Sys 0 00:00:00  -  Total Local Usage
	0  -  Run Bytes Sent By Job
	0  -  Run Bytes Received By Job
	0  -  Total Bytes Sent By Job
	0  -  Total Bytes Received By Job
	Partitionable Resources :    Usage  Request Allocated Assigned
	   Cpus                 :                16        64 
	   Disk (KB)            :        1        1  17319524 
	   Gpus (Average)       :                 1         2 "GPU-eb139fbd,GPU-1b22a692"
	   Memory (MB)          :        1        1    257805 

	Job terminated of its own accord at 2023-06-05T13:23:23Z with exit-code 1.
...
001 (063.000.000) 2023-06-05 09:23:23 Job executing on host: <127.0.0.1:9618?addrs=127.0.0.1-9618&alias=cumulus&noUDP&sock=startd_2110_dceb>
...
006 (063.000.000) 2023-06-05 09:23:23 Image size of job updated: 104
	1  -  MemoryUsage of job (MB)
	104  -  ResidentSetSize of job (KB)
...
005 (063.000.000) 2023-06-05 09:23:23 Job terminated.
	(1) Normal termination (return value 1)
		Usr 0 00:00:00, Sys 0 00:00:00  -  Run Remote Usage
		Usr 0 00:00:00, Sys 0 00:00:00  -  Run Local Usage
		Usr 0 00:00:00, Sys 0 00:00:00  -  Total Remote Usage
		Usr 0 00:00:00, Sys 0 00:00:00  -  Total Local Usage
	0  -  Run Bytes Sent By Job
	0  -  Run Bytes Received By Job
	0  -  Total Bytes Sent By Job
	0  -  Total Bytes Received By Job
	Partitionable Resources :    Usage  Request Allocated Assigned
	   Cpus                 :                16        64 
	   Disk (KB)            :        1        1  17319524 
	   Gpus (Average)       :                 1         2 "GPU-eb139fbd,GPU-1b22a692"
	   Memory (MB)          :        1        1    257805 

	Job terminated of its own accord at 2023-06-05T13:23:23Z with exit-code 1.
...
001 (064.000.000) 2023-06-05 09:23:23 Job executing on host: <127.0.0.1:9618?addrs=127.0.0.1-9618&alias=cumulus&noUDP&sock=startd_2110_dceb>
...
006 (064.000.000) 2023-06-05 09:23:24 Image size of job updated: 232
	1  -  MemoryUsage of job (MB)
	232  -  ResidentSetSize of job (KB)
...
005 (064.000.000) 2023-06-05 09:23:24 Job terminated.
	(1) Normal termination (return value 1)
		Usr 0 00:00:00, Sys 0 00:00:00  -  Run Remote Usage
		Usr 0 00:00:00, Sys 0 00:00:00  -  Run Local Usage
		Usr 0 00:00:00, Sys 0 00:00:00  -  Total Remote Usage
		Usr 0 00:00:00, Sys 0 00:00:00  -  Total Local Usage
	0  -  Run Bytes Sent By Job
	0  -  Run Bytes Received By Job
	0  -  Total Bytes Sent By Job
	0  -  Total Bytes Received By Job
	Partitionable Resources :    Usage  Request Allocated Assigned
	   Cpus                 :                16        64 
	   Disk (KB)            :        1        1  17319524 
	   Gpus (Average)       :                 1         2 "GPU-eb139fbd,GPU-1b22a692"
	   Memory (MB)          :        1        1    257805 

	Job terminated of its own accord at 2023-06-05T13:23:24Z with exit-code 1.
...
000 (065.000.000) 2023-06-05 09:24:17 Job submitted from host: <127.0.0.1:9618?addrs=127.0.0.1-9618&alias=cumulus&noUDP&sock=schedd_2110_dceb>
...
000 (066.000.000) 2023-06-05 09:24:18 Job submitted from host: <127.0.0.1:9618?addrs=127.0.0.1-9618&alias=cumulus&noUDP&sock=schedd_2110_dceb>
...
000 (067.000.000) 2023-06-05 09:24:18 Job submitted from host: <127.0.0.1:9618?addrs=127.0.0.1-9618&alias=cumulus&noUDP&sock=schedd_2110_dceb>
...
000 (068.000.000) 2023-06-05 09:24:19 Job submitted from host: <127.0.0.1:9618?addrs=127.0.0.1-9618&alias=cumulus&noUDP&sock=schedd_2110_dceb>
...
000 (069.000.000) 2023-06-05 09:24:19 Job submitted from host: <127.0.0.1:9618?addrs=127.0.0.1-9618&alias=cumulus&noUDP&sock=schedd_2110_dceb>
...
001 (065.000.000) 2023-06-05 09:24:22 Job executing on host: <127.0.0.1:9618?addrs=127.0.0.1-9618&alias=cumulus&noUDP&sock=startd_2110_dceb>
...
006 (065.000.000) 2023-06-05 09:24:28 Image size of job updated: 212
	1  -  MemoryUsage of job (MB)
	212  -  ResidentSetSize of job (KB)
...
000 (070.000.000) 2023-06-05 09:25:56 Job submitted from host: <127.0.0.1:9618?addrs=127.0.0.1-9618&alias=cumulus&noUDP&sock=schedd_2110_dceb>
...
005 (065.000.000) 2023-06-05 09:27:42 Job terminated.
	(1) Normal termination (return value 0)
		Usr 0 00:00:00, Sys 0 00:00:00  -  Run Remote Usage
		Usr 0 00:00:00, Sys 0 00:00:00  -  Run Local Usage
		Usr 0 00:00:00, Sys 0 00:00:00  -  Total Remote Usage
		Usr 0 00:00:00, Sys 0 00:00:00  -  Total Local Usage
	0  -  Run Bytes Sent By Job
	0  -  Run Bytes Received By Job
	0  -  Total Bytes Sent By Job
	0  -  Total Bytes Received By Job
	Partitionable Resources :    Usage  Request Allocated Assigned
	   Cpus                 :        0       16        64 
	   Disk (KB)            :        1        1  17319524 
	   Gpus (Average)       :        0        1         2 "GPU-eb139fbd,GPU-1b22a692"
	   GpusMemory (MB)      :      276                    
	   Memory (MB)          :        1        1    257805 

	Job terminated of its own accord at 2023-06-05T13:27:42Z with exit-code 0.
...
001 (066.000.000) 2023-06-05 09:27:42 Job executing on host: <127.0.0.1:9618?addrs=127.0.0.1-9618&alias=cumulus&noUDP&sock=startd_2110_dceb>
...
006 (066.000.000) 2023-06-05 09:27:48 Image size of job updated: 328
	1  -  MemoryUsage of job (MB)
	328  -  ResidentSetSize of job (KB)
...
005 (066.000.000) 2023-06-05 09:31:02 Job terminated.
	(1) Normal termination (return value 0)
		Usr 0 00:00:00, Sys 0 00:00:00  -  Run Remote Usage
		Usr 0 00:00:00, Sys 0 00:00:00  -  Run Local Usage
		Usr 0 00:00:00, Sys 0 00:00:00  -  Total Remote Usage
		Usr 0 00:00:00, Sys 0 00:00:00  -  Total Local Usage
	0  -  Run Bytes Sent By Job
	0  -  Run Bytes Received By Job
	0  -  Total Bytes Sent By Job
	0  -  Total Bytes Received By Job
	Partitionable Resources :    Usage  Request Allocated Assigned
	   Cpus                 :     0.00       16        64 
	   Disk (KB)            :     1           1  17319524 
	   Gpus (Average)       :     0           1         2 "GPU-eb139fbd,GPU-1b22a692"
	   GpusMemory (MB)      :   276                       
	   Memory (MB)          :     1           1    257805 

	Job terminated of its own accord at 2023-06-05T13:31:02Z with exit-code 0.
...
001 (067.000.000) 2023-06-05 09:31:02 Job executing on host: <127.0.0.1:9618?addrs=127.0.0.1-9618&alias=cumulus&noUDP&sock=startd_2110_dceb>
...
006 (067.000.000) 2023-06-05 09:31:08 Image size of job updated: 212
	1  -  MemoryUsage of job (MB)
	212  -  ResidentSetSize of job (KB)
...
004 (067.000.000) 2023-06-05 09:31:13 Job was evicted.
	(0) CPU times
		Usr 0 00:00:00, Sys 0 00:00:00  -  Run Remote Usage
		Usr 0 00:00:00, Sys 0 00:00:00  -  Run Local Usage
	0  -  Run Bytes Sent By Job
	0  -  Run Bytes Received By Job
	Partitionable Resources :    Usage  Request Allocated Assigned
	   Cpus                 :     0.01       16        64 
	   Disk (KB)            :     1           1  17319524 
	   Gpus (Average)       :     0           1         2 "GPU-eb139fbd,GPU-1b22a692"
	   GpusMemory (MB)      :   276                       
	   Memory (MB)          :     1           1    257805 
...
000 (071.000.000) 2023-06-05 09:31:51 Job submitted from host: <127.0.0.1:9618?addrs=127.0.0.1-9618&alias=cumulus&noUDP&sock=schedd_2110_dceb>
...
000 (072.000.000) 2023-06-05 09:31:52 Job submitted from host: <127.0.0.1:9618?addrs=127.0.0.1-9618&alias=cumulus&noUDP&sock=schedd_2110_dceb>
...
009 (068.000.000) 2023-06-05 09:32:04 Job was aborted.
	via condor_rm (by user thijs)
...
009 (071.000.000) 2023-06-05 09:32:04 Job was aborted.
	via condor_rm (by user thijs)
...
009 (067.000.000) 2023-06-05 09:32:04 Job was aborted.
	via condor_rm (by user thijs)
...
009 (070.000.000) 2023-06-05 09:32:04 Job was aborted.
	via condor_rm (by user thijs)
...
009 (069.000.000) 2023-06-05 09:32:04 Job was aborted.
	via condor_rm (by user thijs)
...
009 (072.000.000) 2023-06-05 09:32:04 Job was aborted.
	via condor_rm (by user thijs)
...
000 (073.000.000) 2023-06-05 09:32:10 Job submitted from host: <127.0.0.1:9618?addrs=127.0.0.1-9618&alias=cumulus&noUDP&sock=schedd_2110_dceb>
...
000 (074.000.000) 2023-06-05 09:32:11 Job submitted from host: <127.0.0.1:9618?addrs=127.0.0.1-9618&alias=cumulus&noUDP&sock=schedd_2110_dceb>
...
000 (075.000.000) 2023-06-05 09:32:11 Job submitted from host: <127.0.0.1:9618?addrs=127.0.0.1-9618&alias=cumulus&noUDP&sock=schedd_2110_dceb>
...
001 (074.000.000) 2023-06-05 09:39:10 Job executing on host: <127.0.0.1:9618?addrs=127.0.0.1-9618&alias=cumulus&noUDP&sock=startd_636742_a0e8>
...
001 (073.000.000) 2023-06-05 09:39:10 Job executing on host: <127.0.0.1:9618?addrs=127.0.0.1-9618&alias=cumulus&noUDP&sock=startd_636742_a0e8>
...
001 (075.000.000) 2023-06-05 09:39:10 Job executing on host: <127.0.0.1:9618?addrs=127.0.0.1-9618&alias=cumulus&noUDP&sock=startd_636742_a0e8>
...
006 (074.000.000) 2023-06-05 09:39:16 Image size of job updated: 216
	1  -  MemoryUsage of job (MB)
	216  -  ResidentSetSize of job (KB)
...
006 (073.000.000) 2023-06-05 09:39:16 Image size of job updated: 1
	0  -  MemoryUsage of job (MB)
	0  -  ResidentSetSize of job (KB)
...
006 (075.000.000) 2023-06-05 09:39:16 Image size of job updated: 1
	0  -  MemoryUsage of job (MB)
	0  -  ResidentSetSize of job (KB)
...
005 (074.000.000) 2023-06-05 09:42:31 Job terminated.
	(1) Normal termination (return value 0)
		Usr 0 00:00:00, Sys 0 00:00:00  -  Run Remote Usage
		Usr 0 00:00:00, Sys 0 00:00:00  -  Run Local Usage
		Usr 0 00:00:00, Sys 0 00:00:00  -  Total Remote Usage
		Usr 0 00:00:00, Sys 0 00:00:00  -  Total Local Usage
	0  -  Run Bytes Sent By Job
	0  -  Run Bytes Received By Job
	0  -  Total Bytes Sent By Job
	0  -  Total Bytes Received By Job
	Partitionable Resources :    Usage  Request Allocated 
	   Cpus                 :     0.00       16        16 
	   Disk (KB)            :     1           1     17329 
	   Gpus (Average)       :                 0         0 
	   Memory (MB)          :     1           1       128 

	Job terminated of its own accord at 2023-06-05T13:42:31Z with exit-code 0.
...
005 (075.000.000) 2023-06-05 09:42:31 Job terminated.
	(1) Normal termination (return value 0)
		Usr 0 00:00:00, Sys 0 00:00:00  -  Run Remote Usage
		Usr 0 00:00:00, Sys 0 00:00:00  -  Run Local Usage
		Usr 0 00:00:00, Sys 0 00:00:00  -  Total Remote Usage
		Usr 0 00:00:00, Sys 0 00:00:00  -  Total Local Usage
	0  -  Run Bytes Sent By Job
	0  -  Run Bytes Received By Job
	0  -  Total Bytes Sent By Job
	0  -  Total Bytes Received By Job
	Partitionable Resources :    Usage  Request Allocated 
	   Cpus                 :     0.00       16        16 
	   Disk (KB)            :     1           1     17329 
	   Gpus (Average)       :                 0         0 
	   Memory (MB)          :     0           1       128 

	Job terminated of its own accord at 2023-06-05T13:42:31Z with exit-code 0.
...
005 (073.000.000) 2023-06-05 09:42:31 Job terminated.
	(1) Normal termination (return value 0)
		Usr 0 00:00:00, Sys 0 00:00:00  -  Run Remote Usage
		Usr 0 00:00:00, Sys 0 00:00:00  -  Run Local Usage
		Usr 0 00:00:00, Sys 0 00:00:00  -  Total Remote Usage
		Usr 0 00:00:00, Sys 0 00:00:00  -  Total Local Usage
	0  -  Run Bytes Sent By Job
	0  -  Run Bytes Received By Job
	0  -  Total Bytes Sent By Job
	0  -  Total Bytes Received By Job
	Partitionable Resources :    Usage  Request Allocated 
	   Cpus                 :     0.00       16        16 
	   Disk (KB)            :     1           1     17329 
	   Gpus (Average)       :                 0         0 
	   Memory (MB)          :     0           1       128 

	Job terminated of its own accord at 2023-06-05T13:42:31Z with exit-code 0.
...
000 (076.000.000) 2023-06-05 09:44:19 Job submitted from host: <127.0.0.1:9618?addrs=127.0.0.1-9618&alias=cumulus&noUDP&sock=schedd_636742_a0e8>
...
000 (077.000.000) 2023-06-05 09:44:20 Job submitted from host: <127.0.0.1:9618?addrs=127.0.0.1-9618&alias=cumulus&noUDP&sock=schedd_636742_a0e8>
...
000 (078.000.000) 2023-06-05 09:44:20 Job submitted from host: <127.0.0.1:9618?addrs=127.0.0.1-9618&alias=cumulus&noUDP&sock=schedd_636742_a0e8>
...
000 (079.000.000) 2023-06-05 09:44:21 Job submitted from host: <127.0.0.1:9618?addrs=127.0.0.1-9618&alias=cumulus&noUDP&sock=schedd_636742_a0e8>
...
000 (080.000.000) 2023-06-05 09:44:21 Job submitted from host: <127.0.0.1:9618?addrs=127.0.0.1-9618&alias=cumulus&noUDP&sock=schedd_636742_a0e8>
...
001 (076.000.000) 2023-06-05 09:44:27 Job executing on host: <127.0.0.1:9618?addrs=127.0.0.1-9618&alias=cumulus&noUDP&sock=startd_636742_a0e8>
...
001 (077.000.000) 2023-06-05 09:44:27 Job executing on host: <127.0.0.1:9618?addrs=127.0.0.1-9618&alias=cumulus&noUDP&sock=startd_636742_a0e8>
...
006 (076.000.000) 2023-06-05 09:44:32 Image size of job updated: 284
	1  -  MemoryUsage of job (MB)
	284  -  ResidentSetSize of job (KB)
...
006 (077.000.000) 2023-06-05 09:44:32 Image size of job updated: 552
	1  -  MemoryUsage of job (MB)
	552  -  ResidentSetSize of job (KB)
...
005 (076.000.000) 2023-06-05 09:47:47 Job terminated.
	(1) Normal termination (return value 0)
		Usr 0 00:00:00, Sys 0 00:00:00  -  Run Remote Usage
		Usr 0 00:00:00, Sys 0 00:00:00  -  Run Local Usage
		Usr 0 00:00:00, Sys 0 00:00:00  -  Total Remote Usage
		Usr 0 00:00:00, Sys 0 00:00:00  -  Total Local Usage
	0  -  Run Bytes Sent By Job
	0  -  Run Bytes Received By Job
	0  -  Total Bytes Sent By Job
	0  -  Total Bytes Received By Job
	Partitionable Resources :    Usage  Request Allocated Assigned
	   Cpus                 :        0       16        16 
	   Disk (KB)            :        1        1     17329 
	   Gpus (Average)       :        0        1         1 "GPU-eb139fbd"
	   GpusMemory (MB)      :      276                    
	   Memory (MB)          :        1        1       128 

	Job terminated of its own accord at 2023-06-05T13:47:47Z with exit-code 0.
...
005 (077.000.000) 2023-06-05 09:47:47 Job terminated.
	(1) Normal termination (return value 0)
		Usr 0 00:00:00, Sys 0 00:00:00  -  Run Remote Usage
		Usr 0 00:00:00, Sys 0 00:00:00  -  Run Local Usage
		Usr 0 00:00:00, Sys 0 00:00:00  -  Total Remote Usage
		Usr 0 00:00:00, Sys 0 00:00:00  -  Total Local Usage
	0  -  Run Bytes Sent By Job
	0  -  Run Bytes Received By Job
	0  -  Total Bytes Sent By Job
	0  -  Total Bytes Received By Job
	Partitionable Resources :    Usage  Request Allocated Assigned
	   Cpus                 :     0.00       16        16 
	   Disk (KB)            :     1           1     17329 
	   Gpus (Average)       :     0           1         1 "GPU-1b22a692"
	   GpusMemory (MB)      :   276                       
	   Memory (MB)          :     1           1       128 

	Job terminated of its own accord at 2023-06-05T13:47:47Z with exit-code 0.
...
001 (078.000.000) 2023-06-05 09:47:47 Job executing on host: <127.0.0.1:9618?addrs=127.0.0.1-9618&alias=cumulus&noUDP&sock=startd_636742_a0e8>
...
001 (079.000.000) 2023-06-05 09:47:47 Job executing on host: <127.0.0.1:9618?addrs=127.0.0.1-9618&alias=cumulus&noUDP&sock=startd_636742_a0e8>
...
006 (078.000.000) 2023-06-05 09:47:52 Image size of job updated: 208
	1  -  MemoryUsage of job (MB)
	208  -  ResidentSetSize of job (KB)
...
006 (079.000.000) 2023-06-05 09:47:52 Image size of job updated: 604
	1  -  MemoryUsage of job (MB)
	604  -  ResidentSetSize of job (KB)
...
005 (078.000.000) 2023-06-05 09:51:07 Job terminated.
	(1) Normal termination (return value 0)
		Usr 0 00:00:00, Sys 0 00:00:00  -  Run Remote Usage
		Usr 0 00:00:00, Sys 0 00:00:00  -  Run Local Usage
		Usr 0 00:00:00, Sys 0 00:00:00  -  Total Remote Usage
		Usr 0 00:00:00, Sys 0 00:00:00  -  Total Local Usage
	0  -  Run Bytes Sent By Job
	0  -  Run Bytes Received By Job
	0  -  Total Bytes Sent By Job
	0  -  Total Bytes Received By Job
	Partitionable Resources :    Usage  Request Allocated Assigned
	   Cpus                 :        0       16        16 
	   Disk (KB)            :        1        1     17329 
	   Gpus (Average)       :        0        1         1 "GPU-eb139fbd"
	   GpusMemory (MB)      :      276                    
	   Memory (MB)          :        1        1       128 

	Job terminated of its own accord at 2023-06-05T13:51:07Z with exit-code 0.
...
005 (079.000.000) 2023-06-05 09:51:07 Job terminated.
	(1) Normal termination (return value 0)
		Usr 0 00:00:00, Sys 0 00:00:00  -  Run Remote Usage
		Usr 0 00:00:00, Sys 0 00:00:00  -  Run Local Usage
		Usr 0 00:00:00, Sys 0 00:00:00  -  Total Remote Usage
		Usr 0 00:00:00, Sys 0 00:00:00  -  Total Local Usage
	0  -  Run Bytes Sent By Job
	0  -  Run Bytes Received By Job
	0  -  Total Bytes Sent By Job
	0  -  Total Bytes Received By Job
	Partitionable Resources :    Usage  Request Allocated Assigned
	   Cpus                 :     0.00       16        16 
	   Disk (KB)            :     1           1     17329 
	   Gpus (Average)       :     0           1         1 "GPU-1b22a692"
	   GpusMemory (MB)      :   276                       
	   Memory (MB)          :     1           1       128 

	Job terminated of its own accord at 2023-06-05T13:51:07Z with exit-code 0.
...
001 (080.000.000) 2023-06-05 09:51:07 Job executing on host: <127.0.0.1:9618?addrs=127.0.0.1-9618&alias=cumulus&noUDP&sock=startd_636742_a0e8>
...
006 (080.000.000) 2023-06-05 09:51:13 Image size of job updated: 212
	1  -  MemoryUsage of job (MB)
	212  -  ResidentSetSize of job (KB)
...
005 (080.000.000) 2023-06-05 09:54:27 Job terminated.
	(1) Normal termination (return value 0)
		Usr 0 00:00:00, Sys 0 00:00:00  -  Run Remote Usage
		Usr 0 00:00:00, Sys 0 00:00:00  -  Run Local Usage
		Usr 0 00:00:00, Sys 0 00:00:00  -  Total Remote Usage
		Usr 0 00:00:00, Sys 0 00:00:00  -  Total Local Usage
	0  -  Run Bytes Sent By Job
	0  -  Run Bytes Received By Job
	0  -  Total Bytes Sent By Job
	0  -  Total Bytes Received By Job
	Partitionable Resources :    Usage  Request Allocated Assigned
	   Cpus                 :     0.00       16        16 
	   Disk (KB)            :     1           1     17329 
	   Gpus (Average)       :     0           1         1 "GPU-eb139fbd"
	   GpusMemory (MB)      :   276                       
	   Memory (MB)          :     1           1       128 

	Job terminated of its own accord at 2023-06-05T13:54:27Z with exit-code 0.
...
